{"total": {"lines":{"total":107,"covered":79,"skipped":0,"pct":73.83},"statements":{"total":119,"covered":91,"skipped":0,"pct":76.47},"functions":{"total":21,"covered":15,"skipped":0,"pct":71.42},"branches":{"total":40,"covered":23,"skipped":0,"pct":57.5},"branchesTrue":{"total":0,"covered":0,"skipped":0,"pct":100}}
,"C:\\Users\\feras\\Documents\\projects\\SALONA\\razor-shared-library\\src\\components\\form\\input-text\\InputText.tsx": {"lines":{"total":35,"covered":21,"skipped":0,"pct":60},"functions":{"total":6,"covered":1,"skipped":0,"pct":16.66},"statements":{"total":35,"covered":21,"skipped":0,"pct":60},"branches":{"total":16,"covered":9,"skipped":0,"pct":56.25}}
,"C:\\Users\\feras\\Documents\\projects\\SALONA\\razor-shared-library\\src\\components\\form\\input-text\\styles.ts": {"lines":{"total":49,"covered":39,"skipped":0,"pct":79.59},"functions":{"total":8,"covered":8,"skipped":0,"pct":100},"statements":{"total":57,"covered":47,"skipped":0,"pct":82.45},"branches":{"total":18,"covered":12,"skipped":0,"pct":66.66}}
,"C:\\Users\\feras\\Documents\\projects\\SALONA\\razor-shared-library\\src\\shared\\color.ts": {"lines":{"total":1,"covered":1,"skipped":0,"pct":100},"functions":{"total":0,"covered":0,"skipped":0,"pct":100},"statements":{"total":1,"covered":1,"skipped":0,"pct":100},"branches":{"total":0,"covered":0,"skipped":0,"pct":100}}
,"C:\\Users\\feras\\Documents\\projects\\SALONA\\razor-shared-library\\src\\shared\\common.ts": {"lines":{"total":13,"covered":9,"skipped":0,"pct":69.23},"functions":{"total":5,"covered":4,"skipped":0,"pct":80},"statements":{"total":17,"covered":13,"skipped":0,"pct":76.47},"branches":{"total":6,"covered":2,"skipped":0,"pct":33.33}}
,"C:\\Users\\feras\\Documents\\projects\\SALONA\\razor-shared-library\\src\\shared\\fonts.ts": {"lines":{"total":2,"covered":2,"skipped":0,"pct":100},"functions":{"total":0,"covered":0,"skipped":0,"pct":100},"statements":{"total":2,"covered":2,"skipped":0,"pct":100},"branches":{"total":0,"covered":0,"skipped":0,"pct":100}}
,"C:\\Users\\feras\\Documents\\projects\\SALONA\\razor-shared-library\\src\\test\\test-utils.tsx": {"lines":{"total":7,"covered":7,"skipped":0,"pct":100},"functions":{"total":2,"covered":2,"skipped":0,"pct":100},"statements":{"total":7,"covered":7,"skipped":0,"pct":100},"branches":{"total":0,"covered":0,"skipped":0,"pct":100}}
}
