TN:
SF:src\components\form\input-text\InputText.tsx
FN:10,InputText
FN:28,(anonymous_1)
FN:38,(anonymous_2)
FN:42,(anonymous_3)
FN:51,(anonymous_4)
FN:57,(anonymous_5)
FNF:6
FNH:1
FNDA:2,InputText
FNDA:0,(anonymous_1)
FNDA:0,(anonymous_2)
FNDA:0,(anonymous_3)
FNDA:0,(anonymous_4)
FNDA:0,(anonymous_5)
DA:1,1
DA:2,1
DA:3,1
DA:4,1
DA:5,1
DA:6,1
DA:7,1
DA:10,1
DA:19,2
DA:20,2
DA:21,2
DA:22,2
DA:24,2
DA:25,2
DA:26,2
DA:28,2
DA:29,0
DA:30,0
DA:31,0
DA:33,0
DA:34,0
DA:38,2
DA:39,0
DA:42,2
DA:43,0
DA:44,0
DA:45,0
DA:47,0
DA:51,2
DA:52,0
DA:53,0
DA:54,0
DA:57,2
DA:58,0
DA:61,2
LF:35
LH:21
BRDA:26,0,0,2
BRDA:26,0,1,1
BRDA:29,1,0,0
BRDA:29,1,1,0
BRDA:29,2,0,0
BRDA:29,2,1,0
BRDA:43,3,0,0
BRDA:43,3,1,0
BRDA:65,4,0,2
BRDA:65,4,1,2
BRDA:71,5,0,2
BRDA:71,5,1,2
BRDA:71,5,2,0
BRDA:95,6,0,2
BRDA:95,6,1,1
BRDA:95,6,2,1
BRF:16
BRH:9
end_of_record
TN:
SF:src\components\form\input-text\styles.ts
FN:14,(anonymous_1)
FN:30,(anonymous_2)
FN:38,(anonymous_3)
FN:46,(anonymous_4)
FN:54,(anonymous_5)
FN:63,(anonymous_6)
FN:71,(anonymous_7)
FN:79,(anonymous_8)
FNF:8
FNH:8
FNDA:2,(anonymous_1)
FNDA:2,(anonymous_2)
FNDA:2,(anonymous_3)
FNDA:2,(anonymous_4)
FNDA:2,(anonymous_5)
FNDA:2,(anonymous_6)
FNDA:2,(anonymous_7)
FNDA:2,(anonymous_8)
DA:1,1
DA:2,1
DA:3,1
DA:4,1
DA:14,1
DA:15,2
DA:16,0
DA:19,2
DA:20,0
DA:23,2
DA:24,1
DA:27,1
DA:30,1
DA:31,2
DA:32,2
DA:35,0
DA:38,1
DA:39,2
DA:40,2
DA:43,0
DA:46,1
DA:47,2
DA:48,2
DA:51,0
DA:54,1
DA:55,2
DA:56,0
DA:59,2
DA:63,1
DA:64,2
DA:65,0
DA:68,2
DA:71,1
DA:72,2
DA:73,2
DA:76,0
DA:79,1
DA:80,2
DA:81,0
DA:84,2
DA:85,1
DA:88,1
DA:89,0
DA:92,1
DA:96,1
DA:103,1
DA:117,1
DA:129,1
DA:142,1
LF:49
LH:39
BRDA:15,0,0,0
BRDA:19,1,0,0
BRDA:23,2,0,1
BRDA:31,3,0,2
BRDA:31,4,0,2
BRDA:31,4,1,2
BRDA:39,5,0,2
BRDA:39,6,0,2
BRDA:39,6,1,2
BRDA:47,7,0,2
BRDA:55,8,0,0
BRDA:64,9,0,0
BRDA:72,10,0,2
BRDA:80,11,0,0
BRDA:84,12,0,1
BRDA:84,13,0,2
BRDA:84,13,1,1
BRDA:88,14,0,0
BRF:18
BRH:12
end_of_record
TN:
SF:src\shared\color.ts
FNF:0
FNH:0
DA:1,1
LF:1
LH:1
BRF:0
BRH:0
end_of_record
TN:
SF:src\shared\common.ts
FN:3,(anonymous_1)
FN:6,(anonymous_2)
FN:7,(anonymous_3)
FN:9,(anonymous_4)
FN:17,(anonymous_5)
FNF:5
FNH:4
FNDA:29,(anonymous_1)
FNDA:23,(anonymous_2)
FNDA:29,(anonymous_3)
FNDA:0,(anonymous_4)
FNDA:40,(anonymous_5)
DA:1,1
DA:3,1
DA:4,29
DA:6,1
DA:7,29
DA:9,1
DA:11,0
DA:12,0
DA:14,0
DA:17,1
DA:22,40
DA:24,40
DA:27,0
LF:13
LH:9
BRDA:3,0,0,29
BRDA:11,1,0,0
BRDA:11,1,1,0
BRDA:14,2,0,0
BRDA:14,2,1,0
BRDA:22,3,0,40
BRF:6
BRH:2
end_of_record
TN:
SF:src\shared\fonts.ts
FNF:0
FNH:0
DA:1,1
DA:6,1
LF:2
LH:2
BRF:0
BRH:0
end_of_record
TN:
SF:src\test\test-utils.tsx
FN:4,(anonymous_4)
FN:12,(anonymous_5)
FNF:2
FNH:2
FNDA:2,(anonymous_4)
FNDA:2,(anonymous_5)
DA:1,1
DA:4,1
DA:9,2
DA:12,1
DA:16,2
DA:18,1
DA:19,1
LF:7
LH:7
BRF:0
BRH:0
end_of_record
